<?xml version="1.0" encoding="UTF-8"?>
<!-- Generated by org.testng.reporters.JUnitReportReporter -->
<testsuite hostname="DESKTOP-VTQ3T3E" failures="0" tests="4" name="pac1.InspirationTabFunctionalTests" time="31.247" errors="0" timestamp="2025-07-25T00:53:28 IST" skipped="0">
  <testcase classname="pac1.InspirationTabFunctionalTests" name="clickInspirationTab" time="11.807"/>
  <testcase classname="pac1.InspirationTabFunctionalTests" name="testColourCombinations" time="7.441"/>
  <testcase classname="pac1.InspirationTabFunctionalTests" name="testCelebrityHomes" time="4.722"/>
  <testcase classname="pac1.InspirationTabFunctionalTests" name="testColourOfTheYear" time="7.277"/>
</testsuite> <!-- pac1.InspirationTabFunctionalTests -->
