<?xml version="1.0" encoding="UTF-8"?>
<!-- Generated by org.testng.reporters.JUnitReportReporter -->
<testsuite hostname="DESKTOP-VTQ3T3E" failures="0" tests="2" name="pac1.Lab14" time="19.124" errors="0" timestamp="2025-07-23T00:09:24 IST" skipped="0">
  <testcase classname="pac1.Lab14" name="login" time="6.806"/>
  <testcase classname="pac1.Lab14" name="leave" time="12.318"/>
</testsuite> <!-- pac1.Lab14 -->
