<?xml version="1.0" encoding="UTF-8"?>
<!-- Generated by org.testng.reporters.JUnitReportReporter -->
<testsuite hostname="DESKTOP-VTQ3T3E" failures="0" tests="4" name="pac1.AsianPaintsInspirationTests" time="34.793" errors="0" timestamp="2025-07-25T01:35:37 IST" skipped="0">
  <testcase classname="pac1.AsianPaintsInspirationTests" name="clickInspirationTab" time="15.926"/>
  <testcase classname="pac1.AsianPaintsInspirationTests" name="testColourCombinations" time="6.424"/>
  <testcase classname="pac1.AsianPaintsInspirationTests" name="testCelebrityHomes" time="6.754"/>
  <testcase classname="pac1.AsianPaintsInspirationTests" name="testColourOfTheYear" time="5.689"/>
</testsuite> <!-- pac1.AsianPaintsInspirationTests -->
