<?xml version="1.0" encoding="UTF-8"?>
<!-- Generated by org.testng.reporters.JUnitReportReporter -->
<testsuite hostname="DESKTOP-VTQ3T3E" failures="0" tests="4" name="pac1.AsianPainstsInspirationTests" time="44.395" errors="0" timestamp="2025-07-23T23:30:05 IST" skipped="0">
  <testcase classname="pac1.AsianPainstsInspirationTests" name="clickInspirationTab" time="9.072"/>
  <testcase classname="pac1.AsianPainstsInspirationTests" name="testColourCombinations" time="12.511"/>
  <testcase classname="pac1.AsianPainstsInspirationTests" name="testCelebrityHomes" time="11.583"/>
  <testcase classname="pac1.AsianPainstsInspirationTests" name="testColourOfTheYear" time="11.229"/>
</testsuite> <!-- pac1.AsianPainstsInspirationTests -->
